REQUESTING PAGE: GET /sign_up with {} and HTTP headers {}
REQUESTING PAGE: POST /accounts with {"account"=>{"subdomain"=>"test123", "users_attributes"=>{"0"=>{"email"=>"john@test.com", "username"=>"john", "password"=>"123456", "password_confirmation"=>"123456"}}}} and HTTP headers {"HTTP_REFERER"=>"/sign_up"}
REQUESTING PAGE: GET /sign_up with {} and HTTP headers {}
REQUESTING PAGE: POST /accounts with {"account"=>{"subdomain"=>"test123", "users_attributes"=>{"0"=>{"email"=>"john@test.com", "username"=>"john", "password"=>"", "password_confirmation"=>""}}}} and HTTP headers {"HTTP_REFERER"=>"/sign_up"}
REQUESTING PAGE: GET /sign_up with {} and HTTP headers {}
REQUESTING PAGE: POST /accounts with {"account"=>{"subdomain"=>"test123", "users_attributes"=>{"0"=>{"email"=>"john@test.com", "username"=>"john", "password"=>"123456", "password_confirmation"=>"123456"}}}} and HTTP headers {"HTTP_REFERER"=>"/sign_up"}
REQUESTING PAGE: GET /sign_up with {} and HTTP headers {}
REQUESTING PAGE: POST /accounts with {"account"=>{"subdomain"=>"test123", "users_attributes"=>{"0"=>{"email"=>"john@test.com", "username"=>"john", "password"=>"", "password_confirmation"=>""}}}} and HTTP headers {"HTTP_REFERER"=>"/sign_up"}
REQUESTING PAGE: GET /sign_up with {} and HTTP headers {}
REQUESTING PAGE: POST /accounts with {"account"=>{"subdomain"=>"test123", "users_attributes"=>{"0"=>{"email"=>"john@test.com", "username"=>"john", "password"=>"123456", "password_confirmation"=>"123456"}}}} and HTTP headers {"HTTP_REFERER"=>"/sign_up"}
REQUESTING PAGE: GET /sign_up with {} and HTTP headers {}
REQUESTING PAGE: POST /accounts with {"account"=>{"subdomain"=>"test123", "users_attributes"=>{"0"=>{"email"=>"john@test.com", "username"=>"john", "password"=>"", "password_confirmation"=>""}}}} and HTTP headers {"HTTP_REFERER"=>"/sign_up"}
REQUESTING PAGE: GET /sign_up with {} and HTTP headers {}
REQUESTING PAGE: POST /accounts with {"account"=>{"subdomain"=>"test123", "users_attributes"=>{"0"=>{"email"=>"john@test.com", "username"=>"john", "password"=>"123456", "password_confirmation"=>"123456"}}}} and HTTP headers {"HTTP_REFERER"=>"/sign_up"}
REQUESTING PAGE: GET /sign_up with {} and HTTP headers {}
REQUESTING PAGE: POST /accounts with {"account"=>{"subdomain"=>"test123", "users_attributes"=>{"0"=>{"email"=>"john@test.com", "username"=>"john", "password"=>"", "password_confirmation"=>""}}}} and HTTP headers {"HTTP_REFERER"=>"/sign_up"}
REQUESTING PAGE: GET /sign_up with {} and HTTP headers {}
REQUESTING PAGE: POST /accounts with {"account"=>{"subdomain"=>"test123", "users_attributes"=>{"0"=>{"email"=>"john@test.com", "username"=>"john", "password"=>"123456", "password_confirmation"=>"123456"}}}} and HTTP headers {"HTTP_REFERER"=>"/sign_up"}
REQUESTING PAGE: GET /sign_up with {} and HTTP headers {}
REQUESTING PAGE: POST /accounts with {"account"=>{"subdomain"=>"test123", "users_attributes"=>{"0"=>{"email"=>"john@test.com", "username"=>"john", "password"=>"", "password_confirmation"=>""}}}} and HTTP headers {"HTTP_REFERER"=>"/sign_up"}
REQUESTING PAGE: GET /sign_up with {} and HTTP headers {}
REQUESTING PAGE: POST /accounts with {"account"=>{"subdomain"=>"test123", "users_attributes"=>{"0"=>{"email"=>"john@test.com", "username"=>"john", "password"=>"123456", "password_confirmation"=>"123456"}}}} and HTTP headers {"HTTP_REFERER"=>"/sign_up"}
REQUESTING PAGE: GET /sign_up with {} and HTTP headers {}
REQUESTING PAGE: POST /accounts with {"account"=>{"subdomain"=>"test123", "users_attributes"=>{"0"=>{"email"=>"john@test.com", "username"=>"john", "password"=>"", "password_confirmation"=>""}}}} and HTTP headers {"HTTP_REFERER"=>"/sign_up"}
REQUESTING PAGE: GET /sign_up with {} and HTTP headers {}
REQUESTING PAGE: POST /accounts with {"account"=>{"subdomain"=>"test123", "users_attributes"=>{"0"=>{"email"=>"john@test.com", "username"=>"john", "password"=>"123456", "password_confirmation"=>"123456"}}}} and HTTP headers {"HTTP_REFERER"=>"/sign_up"}
REQUESTING PAGE: GET /sign_up with {} and HTTP headers {}
REQUESTING PAGE: POST /accounts with {"account"=>{"subdomain"=>"test123", "users_attributes"=>{"0"=>{"email"=>"john@test.com", "username"=>"john", "password"=>"", "password_confirmation"=>""}}}} and HTTP headers {"HTTP_REFERER"=>"/sign_up"}
REQUESTING PAGE: GET /sign_up with {} and HTTP headers {}
REQUESTING PAGE: POST /accounts with {"account"=>{"subdomain"=>"test123", "users_attributes"=>{"0"=>{"email"=>"john@test.com", "username"=>"john", "password"=>"123456", "password_confirmation"=>"123456"}}}} and HTTP headers {"HTTP_REFERER"=>"/sign_up"}
REQUESTING PAGE: GET /sign_up with {} and HTTP headers {}
REQUESTING PAGE: POST /accounts with {"account"=>{"subdomain"=>"test123", "users_attributes"=>{"0"=>{"email"=>"john@test.com", "username"=>"john", "password"=>"", "password_confirmation"=>""}}}} and HTTP headers {"HTTP_REFERER"=>"/sign_up"}
REQUESTING PAGE: GET /sign_up with {} and HTTP headers {}
REQUESTING PAGE: POST /accounts with {"account"=>{"subdomain"=>"test123", "users_attributes"=>{"0"=>{"email"=>"john@test.com", "username"=>"john", "password"=>"123456", "password_confirmation"=>"123456"}}}} and HTTP headers {"HTTP_REFERER"=>"/sign_up"}
REQUESTING PAGE: GET /sign_up with {} and HTTP headers {}
REQUESTING PAGE: POST /accounts with {"account"=>{"subdomain"=>"test123", "users_attributes"=>{"0"=>{"email"=>"john@test.com", "username"=>"john", "password"=>"", "password_confirmation"=>""}}}} and HTTP headers {"HTTP_REFERER"=>"/sign_up"}
REQUESTING PAGE: GET /sign_up with {} and HTTP headers {}
REQUESTING PAGE: POST /accounts with {"account"=>{"subdomain"=>"test123", "users_attributes"=>{"0"=>{"email"=>"john@test.com", "username"=>"john", "password"=>"123456", "password_confirmation"=>"123456"}}}} and HTTP headers {"HTTP_REFERER"=>"/sign_up"}
REQUESTING PAGE: GET /sign_up with {} and HTTP headers {}
REQUESTING PAGE: POST /accounts with {"account"=>{"subdomain"=>"test123", "users_attributes"=>{"0"=>{"email"=>"john@test.com", "username"=>"john", "password"=>"", "password_confirmation"=>""}}}} and HTTP headers {"HTTP_REFERER"=>"/sign_up"}
REQUESTING PAGE: GET /sign_up with {} and HTTP headers {}
REQUESTING PAGE: POST /accounts with {"account"=>{"subdomain"=>"test123", "users_attributes"=>{"0"=>{"email"=>"john@test.com", "username"=>"john", "password"=>"123456", "password_confirmation"=>"123456"}}}} and HTTP headers {"HTTP_REFERER"=>"/sign_up"}
REQUESTING PAGE: GET http://test123.example.com/accounts/4c3249bb92e10d2418000005/edit with {} and HTTP headers {"HTTP_REFERER"=>"/accounts"}
REQUESTING PAGE: GET http://test123.example.com/users/sign_in with {} and HTTP headers {"HTTP_REFERER"=>"http://test123.example.com/accounts/4c3249bb92e10d2418000005/edit"}
REQUESTING PAGE: GET /sign_up with {} and HTTP headers {}
REQUESTING PAGE: POST /accounts with {"account"=>{"subdomain"=>"test123", "users_attributes"=>{"0"=>{"email"=>"john@test.com", "username"=>"john", "password"=>"", "password_confirmation"=>""}}}} and HTTP headers {"HTTP_REFERER"=>"/sign_up"}
REQUESTING PAGE: GET /sign_up with {} and HTTP headers {}
REQUESTING PAGE: POST /accounts with {"account"=>{"subdomain"=>"test123", "users_attributes"=>{"0"=>{"email"=>"john@test.com", "username"=>"john", "password"=>"123456", "password_confirmation"=>"123456"}}}} and HTTP headers {"HTTP_REFERER"=>"/sign_up"}
REQUESTING PAGE: GET http://test123.example.com/accounts/4c3249fd92e10d2422000005/edit with {} and HTTP headers {"HTTP_REFERER"=>"/accounts"}
REQUESTING PAGE: GET http://test123.example.com/users/sign_in with {} and HTTP headers {"HTTP_REFERER"=>"http://test123.example.com/accounts/4c3249fd92e10d2422000005/edit"}
REQUESTING PAGE: GET /sign_up with {} and HTTP headers {}
REQUESTING PAGE: POST /accounts with {"account"=>{"subdomain"=>"test123", "users_attributes"=>{"0"=>{"email"=>"john@test.com", "username"=>"john", "password"=>"", "password_confirmation"=>""}}}} and HTTP headers {"HTTP_REFERER"=>"/sign_up"}
